the job start... 
/users/40305887/gridware/share/python/3.6.4/lib/python3.6/site-packages/torch/cuda/__init__.py:52: UserWarning: CUDA initialization: Found no NVIDIA driver on your system. Please check that you have an NVIDIA GPU and installed a driver from http://www.nvidia.com/Download/index.aspx (Triggered internally at  /pytorch/c10/cuda/CUDAFunctions.cpp:100.)
  return torch._C._cuda_getDeviceCount() > 0
get_entity_des ...
obtain_entity_res ...
max the number of neighbours : 1325
obtain multi-step neighbours ... 

Word to vector ... 

load bin vec 

WRITE FILE DONE!
=========OVER==========
obtain_train_triple_des ... 

WRITE FILE DONE!
head len  152.0156330963012
rel len  84.14896275471767
tail len  129.89443433842308
obtain_valid_triple_des ... 

WRITE FILE DONE!
head len  149.44277159965782
rel len  80.4759623609923
tail len  116.29968634160251
obtain_test_triple_des ... 

WRITE FILE DONE!
head len  149.46599237760188
rel len  80.7537379067722
tail len  117.51446301182449
the job end !  
